2026-07-22T06:32:18.118Z products: PrismaClientKnownRequestError: 
Invalid `delegate.findMany()` invocation in
/home/geoxhacker/koodeyo/pharmapos/pharmasales-api/src/routes/replication.ts:74:38

  71   tenantIsolationQuery = { tenantId: user.tenantId };
  72 }
  73 
→ 74 const documents = await delegate.findMany(
Timed out fetching a new connection from the connection pool. More info: http://pris.ly/d/connection-pool (Current connection pool timeout: 10, connection limit: 9)
    at ei.handleRequestError (/home/geoxhacker/koodeyo/pharmapos/pharmasales-api/node_modules/.pnpm/@prisma+client@6.19.3_prisma@6.19.3_typescript@6.0.3/node_modules/@prisma/client/src/runtime/RequestHandler.ts:228:13)
    at ei.handleAndLogRequestError (/home/geoxhacker/koodeyo/pharmapos/pharmasales-api/node_modules/.pnpm/@prisma+client@6.19.3_prisma@6.19.3_typescript@6.0.3/node_modules/@prisma/client/src/runtime/RequestHandler.ts:174:12)
    at ei.request (/home/geoxhacker/koodeyo/pharmapos/pharmasales-api/node_modules/.pnpm/@prisma+client@6.19.3_prisma@6.19.3_typescript@6.0.3/node_modules/@prisma/client/src/runtime/RequestHandler.ts:143:12)
    at a (/home/geoxhacker/koodeyo/pharmapos/pharmasales-api/node_modules/.pnpm/@prisma+client@6.19.3_prisma@6.19.3_typescript@6.0.3/node_modules/@prisma/client/src/runtime/getPrismaClient.ts:833:24)
    at /home/geoxhacker/koodeyo/pharmapos/pharmasales-api/src/routes/replication.ts:74:23
2026-07-22T06:32:18.123Z branchStocks: PrismaClientKnownRequestError: 
Invalid `delegate.findMany()` invocation in
/home/geoxhacker/koodeyo/pharmapos/pharmasales-api/src/routes/replication.ts:74:38

  71   tenantIsolationQuery = { tenantId: user.tenantId };
  72 }
  73 
→ 74 const documents = await delegate.findMany(
Timed out fetching a new connection from the connection pool. More info: http://pris.ly/d/connection-pool (Current connection pool timeout: 10, connection limit: 9)
    at ei.handleRequestError (/home/geoxhacker/koodeyo/pharmapos/pharmasales-api/node_modules/.pnpm/@prisma+client@6.19.3_prisma@6.19.3_typescript@6.0.3/node_modules/@prisma/client/src/runtime/RequestHandler.ts:228:13)
    at ei.handleAndLogRequestError (/home/geoxhacker/koodeyo/pharmapos/pharmasales-api/node_modules/.pnpm/@prisma+client@6.19.3_prisma@6.19.3_typescript@6.0.3/node_modules/@prisma/client/src/runtime/RequestHandler.ts:174:12)
    at ei.request (/home/geoxhacker/koodeyo/pharmapos/pharmasales-api/node_modules/.pnpm/@prisma+client@6.19.3_prisma@6.19.3_typescript@6.0.3/node_modules/@prisma/client/src/runtime/RequestHandler.ts:143:12)
    at a (/home/geoxhacker/koodeyo/pharmapos/pharmasales-api/node_modules/.pnpm/@prisma+client@6.19.3_prisma@6.19.3_typescript@6.0.3/node_modules/@prisma/client/src/runtime/getPrismaClient.ts:833:24)
    at /home/geoxhacker/koodeyo/pharmapos/pharmasales-api/src/routes/replication.ts:74:23
2026-07-22T06:32:18.126Z stockBatches: PrismaClientKnownRequestError: 
Invalid `delegate.findMany()` invocation in
/home/geoxhacker/koodeyo/pharmapos/pharmasales-api/src/routes/replication.ts:74:38

  71   tenantIsolationQuery = { tenantId: user.tenantId };
  72 }
  73 
→ 74 const documents = await delegate.findMany(
Timed out fetching a new connection from the connection pool. More info: http://pris.ly/d/connection-pool (Current connection pool timeout: 10, connection limit: 9)
    at ei.handleRequestError (/home/geoxhacker/koodeyo/pharmapos/pharmasales-api/node_modules/.pnpm/@prisma+client@6.19.3_prisma@6.19.3_typescript@6.0.3/node_modules/@prisma/client/src/runtime/RequestHandler.ts:228:13)
    at ei.handleAndLogRequestError (/home/geoxhacker/koodeyo/pharmapos/pharmasales-api/node_modules/.pnpm/@prisma+client@6.19.3_prisma@6.19.3_typescript@6.0.3/node_modules/@prisma/client/src/runtime/RequestHandler.ts:174:12)
    at ei.request (/home/geoxhacker/koodeyo/pharmapos/pharmasales-api/node_modules/.pnpm/@prisma+client@6.19.3_prisma@6.19.3_typescript@6.0.3/node_modules/@prisma/client/src/runtime/RequestHandler.ts:143:12)
    at a (/home/geoxhacker/koodeyo/pharmapos/pharmasales-api/node_modules/.pnpm/@prisma+client@6.19.3_prisma@6.19.3_typescript@6.0.3/node_modules/@prisma/client/src/runtime/getPrismaClient.ts:833:24)
    at /home/geoxhacker/koodeyo/pharmapos/pharmasales-api/src/routes/replication.ts:74:23
2026-07-22T06:32:18.129Z customers: PrismaClientKnownRequestError: 
Invalid `delegate.findMany()` invocation in
/home/geoxhacker/koodeyo/pharmapos/pharmasales-api/src/routes/replication.ts:74:38

  71   tenantIsolationQuery = { tenantId: user.tenantId };
  72 }
  73 
→ 74 const documents = await delegate.findMany(
Timed out fetching a new connection from the connection pool. More info: http://pris.ly/d/connection-pool (Current connection pool timeout: 10, connection limit: 9)
    at ei.handleRequestError (/home/geoxhacker/koodeyo/pharmapos/pharmasales-api/node_modules/.pnpm/@prisma+client@6.19.3_prisma@6.19.3_typescript@6.0.3/node_modules/@prisma/client/src/runtime/RequestHandler.ts:228:13)
    at ei.handleAndLogRequestError (/home/geoxhacker/koodeyo/pharmapos/pharmasales-api/node_modules/.pnpm/@prisma+client@6.19.3_prisma@6.19.3_typescript@6.0.3/node_modules/@prisma/client/src/runtime/RequestHandler.ts:174:12)
    at ei.request (/home/geoxhacker/koodeyo/pharmapos/pharmasales-api/node_modules/.pnpm/@prisma+client@6.19.3_prisma@6.19.3_typescript@6.0.3/node_modules/@prisma/client/src/runtime/RequestHandler.ts:143:12)
    at a (/home/geoxhacker/koodeyo/pharmapos/pharmasales-api/node_modules/.pnpm/@prisma+client@6.19.3_prisma@6.19.3_typescript@6.0.3/node_modules/@prisma/client/src/runtime/getPrismaClient.ts:833:24)
    at /home/geoxhacker/koodeyo/pharmapos/pharmasales-api/src/routes/replication.ts:74:23
2026-07-22T06:32:18.132Z sales: PrismaClientKnownRequestError: 
Invalid `delegate.findMany()` invocation in
/home/geoxhacker/koodeyo/pharmapos/pharmasales-api/src/routes/replication.ts:74:38

  71   tenantIsolationQuery = { tenantId: user.tenantId };
  72 }
  73 
→ 74 const documents = await delegate.findMany(
Timed out fetching a new connection from the connection pool. More info: http://pris.ly/d/connection-pool (Current connection pool timeout: 10, connection limit: 9)
    at ei.handleRequestError (/home/geoxhacker/koodeyo/pharmapos/pharmasales-api/node_modules/.pnpm/@prisma+client@6.19.3_prisma@6.19.3_typescript@6.0.3/node_modules/@prisma/client/src/runtime/RequestHandler.ts:228:13)
    at ei.handleAndLogRequestError (/home/geoxhacker/koodeyo/pharmapos/pharmasales-api/node_modules/.pnpm/@prisma+client@6.19.3_prisma@6.19.3_typescript@6.0.3/node_modules/@prisma/client/src/runtime/RequestHandler.ts:174:12)
    at ei.request (/home/geoxhacker/koodeyo/pharmapos/pharmasales-api/node_modules/.pnpm/@prisma+client@6.19.3_prisma@6.19.3_typescript@6.0.3/node_modules/@prisma/client/src/runtime/RequestHandler.ts:143:12)
    at a (/home/geoxhacker/koodeyo/pharmapos/pharmasales-api/node_modules/.pnpm/@prisma+client@6.19.3_prisma@6.19.3_typescript@6.0.3/node_modules/@prisma/client/src/runtime/getPrismaClient.ts:833:24)
    at /home/geoxhacker/koodeyo/pharmapos/pharmasales-api/src/routes/replication.ts:74:23
2026-07-22T06:32:18.135Z saleItems: PrismaClientKnownRequestError: 
Invalid `delegate.findMany()` invocation in
/home/geoxhacker/koodeyo/pharmapos/pharmasales-api/src/routes/replication.ts:74:38

  71   tenantIsolationQuery = { tenantId: user.tenantId };
  72 }
  73 
→ 74 const documents = await delegate.findMany(
Timed out fetching a new connection from the connection pool. More info: http://pris.ly/d/connection-pool (Current connection pool timeout: 10, connection limit: 9)
    at ei.handleRequestError (/home/geoxhacker/koodeyo/pharmapos/pharmasales-api/node_modules/.pnpm/@prisma+client@6.19.3_prisma@6.19.3_typescript@6.0.3/node_modules/@prisma/client/src/runtime/RequestHandler.ts:228:13)
    at ei.handleAndLogRequestError (/home/geoxhacker/koodeyo/pharmapos/pharmasales-api/node_modules/.pnpm/@prisma+client@6.19.3_prisma@6.19.3_typescript@6.0.3/node_modules/@prisma/client/src/runtime/RequestHandler.ts:174:12)
    at ei.request (/home/geoxhacker/koodeyo/pharmapos/pharmasales-api/node_modules/.pnpm/@prisma+client@6.19.3_prisma@6.19.3_typescript@6.0.3/node_modules/@prisma/client/src/runtime/RequestHandler.ts:143:12)
    at a (/home/geoxhacker/koodeyo/pharmapos/pharmasales-api/node_modules/.pnpm/@prisma+client@6.19.3_prisma@6.19.3_typescript@6.0.3/node_modules/@prisma/client/src/runtime/getPrismaClient.ts:833:24)
    at /home/geoxhacker/koodeyo/pharmapos/pharmasales-api/src/routes/replication.ts:74:23
2026-07-22T06:32:27.887Z payments: PrismaClientKnownRequestError: 
Invalid `delegate.findMany()` invocation in
/home/geoxhacker/koodeyo/pharmapos/pharmasales-api/src/routes/replication.ts:74:38

  71   tenantIsolationQuery = { tenantId: user.tenantId };
  72 }
  73 
→ 74 const documents = await delegate.findMany(
Can't reach database server at `ep-late-band-a2jkg2wf-pooler.eu-central-1.aws.neon.tech:5432`

Please make sure your database server is running at `ep-late-band-a2jkg2wf-pooler.eu-central-1.aws.neon.tech:5432`.
    at ei.handleRequestError (/home/geoxhacker/koodeyo/pharmapos/pharmasales-api/node_modules/.pnpm/@prisma+client@6.19.3_prisma@6.19.3_typescript@6.0.3/node_modules/@prisma/client/src/runtime/RequestHandler.ts:228:13)
    at ei.handleAndLogRequestError (/home/geoxhacker/koodeyo/pharmapos/pharmasales-api/node_modules/.pnpm/@prisma+client@6.19.3_prisma@6.19.3_typescript@6.0.3/node_modules/@prisma/client/src/runtime/RequestHandler.ts:174:12)
    at ei.request (/home/geoxhacker/koodeyo/pharmapos/pharmasales-api/node_modules/.pnpm/@prisma+client@6.19.3_prisma@6.19.3_typescript@6.0.3/node_modules/@prisma/client/src/runtime/RequestHandler.ts:143:12)
    at a (/home/geoxhacker/koodeyo/pharmapos/pharmasales-api/node_modules/.pnpm/@prisma+client@6.19.3_prisma@6.19.3_typescript@6.0.3/node_modules/@prisma/client/src/runtime/getPrismaClient.ts:833:24)
    at /home/geoxhacker/koodeyo/pharmapos/pharmasales-api/src/routes/replication.ts:74:23
2026-07-22T06:32:27.890Z users: PrismaClientKnownRequestError: 
Invalid `delegate.findMany()` invocation in
/home/geoxhacker/koodeyo/pharmapos/pharmasales-api/src/routes/replication.ts:74:38

  71   tenantIsolationQuery = { tenantId: user.tenantId };
  72 }
  73 
→ 74 const documents = await delegate.findMany(
Can't reach database server at `ep-late-band-a2jkg2wf-pooler.eu-central-1.aws.neon.tech:5432`

Please make sure your database server is running at `ep-late-band-a2jkg2wf-pooler.eu-central-1.aws.neon.tech:5432`.
    at ei.handleRequestError (/home/geoxhacker/koodeyo/pharmapos/pharmasales-api/node_modules/.pnpm/@prisma+client@6.19.3_prisma@6.19.3_typescript@6.0.3/node_modules/@prisma/client/src/runtime/RequestHandler.ts:228:13)
    at ei.handleAndLogRequestError (/home/geoxhacker/koodeyo/pharmapos/pharmasales-api/node_modules/.pnpm/@prisma+client@6.19.3_prisma@6.19.3_typescript@6.0.3/node_modules/@prisma/client/src/runtime/RequestHandler.ts:174:12)
    at ei.request (/home/geoxhacker/koodeyo/pharmapos/pharmasales-api/node_modules/.pnpm/@prisma+client@6.19.3_prisma@6.19.3_typescript@6.0.3/node_modules/@prisma/client/src/runtime/RequestHandler.ts:143:12)
    at a (/home/geoxhacker/koodeyo/pharmapos/pharmasales-api/node_modules/.pnpm/@prisma+client@6.19.3_prisma@6.19.3_typescript@6.0.3/node_modules/@prisma/client/src/runtime/getPrismaClient.ts:833:24)
    at /home/geoxhacker/koodeyo/pharmapos/pharmasales-api/src/routes/replication.ts:74:23
2026-07-22T06:32:27.894Z shiftSummaries: PrismaClientKnownRequestError: 
Invalid `delegate.findMany()` invocation in
/home/geoxhacker/koodeyo/pharmapos/pharmasales-api/src/routes/replication.ts:74:38

  71   tenantIsolationQuery = { tenantId: user.tenantId };
  72 }
  73 
→ 74 const documents = await delegate.findMany(
Can't reach database server at `ep-late-band-a2jkg2wf-pooler.eu-central-1.aws.neon.tech:5432`

Please make sure your database server is running at `ep-late-band-a2jkg2wf-pooler.eu-central-1.aws.neon.tech:5432`.
    at ei.handleRequestError (/home/geoxhacker/koodeyo/pharmapos/pharmasales-api/node_modules/.pnpm/@prisma+client@6.19.3_prisma@6.19.3_typescript@6.0.3/node_modules/@prisma/client/src/runtime/RequestHandler.ts:228:13)
    at ei.handleAndLogRequestError (/home/geoxhacker/koodeyo/pharmapos/pharmasales-api/node_modules/.pnpm/@prisma+client@6.19.3_prisma@6.19.3_typescript@6.0.3/node_modules/@prisma/client/src/runtime/RequestHandler.ts:174:12)
    at ei.request (/home/geoxhacker/koodeyo/pharmapos/pharmasales-api/node_modules/.pnpm/@prisma+client@6.19.3_prisma@6.19.3_typescript@6.0.3/node_modules/@prisma/client/src/runtime/RequestHandler.ts:143:12)
    at a (/home/geoxhacker/koodeyo/pharmapos/pharmasales-api/node_modules/.pnpm/@prisma+client@6.19.3_prisma@6.19.3_typescript@6.0.3/node_modules/@prisma/client/src/runtime/getPrismaClient.ts:833:24)
    at /home/geoxhacker/koodeyo/pharmapos/pharmasales-api/src/routes/replication.ts:74:23
2026-07-22T09:39:47.910Z branchStocks: PrismaClientKnownRequestError: 
Invalid `delegate.findMany()` invocation in
/home/geoxhacker/koodeyo/pharmapos/pharmasales-api/src/routes/replication.ts:74:38

  71   tenantIsolationQuery = { tenantId: user.tenantId };
  72 }
  73 
→ 74 const documents = await delegate.findMany(
Can't reach database server at `ep-late-band-a2jkg2wf-pooler.eu-central-1.aws.neon.tech:5432`

Please make sure your database server is running at `ep-late-band-a2jkg2wf-pooler.eu-central-1.aws.neon.tech:5432`.
    at ei.handleRequestError (/home/geoxhacker/koodeyo/pharmapos/pharmasales-api/node_modules/.pnpm/@prisma+client@6.19.3_prisma@6.19.3_typescript@6.0.3/node_modules/@prisma/client/src/runtime/RequestHandler.ts:228:13)
    at ei.handleAndLogRequestError (/home/geoxhacker/koodeyo/pharmapos/pharmasales-api/node_modules/.pnpm/@prisma+client@6.19.3_prisma@6.19.3_typescript@6.0.3/node_modules/@prisma/client/src/runtime/RequestHandler.ts:174:12)
    at ei.request (/home/geoxhacker/koodeyo/pharmapos/pharmasales-api/node_modules/.pnpm/@prisma+client@6.19.3_prisma@6.19.3_typescript@6.0.3/node_modules/@prisma/client/src/runtime/RequestHandler.ts:143:12)
    at a (/home/geoxhacker/koodeyo/pharmapos/pharmasales-api/node_modules/.pnpm/@prisma+client@6.19.3_prisma@6.19.3_typescript@6.0.3/node_modules/@prisma/client/src/runtime/getPrismaClient.ts:833:24)
    at /home/geoxhacker/koodeyo/pharmapos/pharmasales-api/src/routes/replication.ts:74:23
2026-07-22T09:39:47.912Z products: PrismaClientKnownRequestError: 
Invalid `delegate.findMany()` invocation in
/home/geoxhacker/koodeyo/pharmapos/pharmasales-api/src/routes/replication.ts:74:38

  71   tenantIsolationQuery = { tenantId: user.tenantId };
  72 }
  73 
→ 74 const documents = await delegate.findMany(
Can't reach database server at `ep-late-band-a2jkg2wf-pooler.eu-central-1.aws.neon.tech:5432`

Please make sure your database server is running at `ep-late-band-a2jkg2wf-pooler.eu-central-1.aws.neon.tech:5432`.
    at ei.handleRequestError (/home/geoxhacker/koodeyo/pharmapos/pharmasales-api/node_modules/.pnpm/@prisma+client@6.19.3_prisma@6.19.3_typescript@6.0.3/node_modules/@prisma/client/src/runtime/RequestHandler.ts:228:13)
    at ei.handleAndLogRequestError (/home/geoxhacker/koodeyo/pharmapos/pharmasales-api/node_modules/.pnpm/@prisma+client@6.19.3_prisma@6.19.3_typescript@6.0.3/node_modules/@prisma/client/src/runtime/RequestHandler.ts:174:12)
    at ei.request (/home/geoxhacker/koodeyo/pharmapos/pharmasales-api/node_modules/.pnpm/@prisma+client@6.19.3_prisma@6.19.3_typescript@6.0.3/node_modules/@prisma/client/src/runtime/RequestHandler.ts:143:12)
    at a (/home/geoxhacker/koodeyo/pharmapos/pharmasales-api/node_modules/.pnpm/@prisma+client@6.19.3_prisma@6.19.3_typescript@6.0.3/node_modules/@prisma/client/src/runtime/getPrismaClient.ts:833:24)
    at /home/geoxhacker/koodeyo/pharmapos/pharmasales-api/src/routes/replication.ts:74:23
2026-07-22T09:39:47.915Z stockBatches: PrismaClientKnownRequestError: 
Invalid `delegate.findMany()` invocation in
/home/geoxhacker/koodeyo/pharmapos/pharmasales-api/src/routes/replication.ts:74:38

  71   tenantIsolationQuery = { tenantId: user.tenantId };
  72 }
  73 
→ 74 const documents = await delegate.findMany(
Can't reach database server at `ep-late-band-a2jkg2wf-pooler.eu-central-1.aws.neon.tech:5432`

Please make sure your database server is running at `ep-late-band-a2jkg2wf-pooler.eu-central-1.aws.neon.tech:5432`.
    at ei.handleRequestError (/home/geoxhacker/koodeyo/pharmapos/pharmasales-api/node_modules/.pnpm/@prisma+client@6.19.3_prisma@6.19.3_typescript@6.0.3/node_modules/@prisma/client/src/runtime/RequestHandler.ts:228:13)
    at ei.handleAndLogRequestError (/home/geoxhacker/koodeyo/pharmapos/pharmasales-api/node_modules/.pnpm/@prisma+client@6.19.3_prisma@6.19.3_typescript@6.0.3/node_modules/@prisma/client/src/runtime/RequestHandler.ts:174:12)
    at ei.request (/home/geoxhacker/koodeyo/pharmapos/pharmasales-api/node_modules/.pnpm/@prisma+client@6.19.3_prisma@6.19.3_typescript@6.0.3/node_modules/@prisma/client/src/runtime/RequestHandler.ts:143:12)
    at a (/home/geoxhacker/koodeyo/pharmapos/pharmasales-api/node_modules/.pnpm/@prisma+client@6.19.3_prisma@6.19.3_typescript@6.0.3/node_modules/@prisma/client/src/runtime/getPrismaClient.ts:833:24)
    at /home/geoxhacker/koodeyo/pharmapos/pharmasales-api/src/routes/replication.ts:74:23
2026-07-22T09:39:47.921Z customers: PrismaClientKnownRequestError: 
Invalid `delegate.findMany()` invocation in
/home/geoxhacker/koodeyo/pharmapos/pharmasales-api/src/routes/replication.ts:74:38

  71   tenantIsolationQuery = { tenantId: user.tenantId };
  72 }
  73 
→ 74 const documents = await delegate.findMany(
Can't reach database server at `ep-late-band-a2jkg2wf-pooler.eu-central-1.aws.neon.tech:5432`

Please make sure your database server is running at `ep-late-band-a2jkg2wf-pooler.eu-central-1.aws.neon.tech:5432`.
    at ei.handleRequestError (/home/geoxhacker/koodeyo/pharmapos/pharmasales-api/node_modules/.pnpm/@prisma+client@6.19.3_prisma@6.19.3_typescript@6.0.3/node_modules/@prisma/client/src/runtime/RequestHandler.ts:228:13)
    at ei.handleAndLogRequestError (/home/geoxhacker/koodeyo/pharmapos/pharmasales-api/node_modules/.pnpm/@prisma+client@6.19.3_prisma@6.19.3_typescript@6.0.3/node_modules/@prisma/client/src/runtime/RequestHandler.ts:174:12)
    at ei.request (/home/geoxhacker/koodeyo/pharmapos/pharmasales-api/node_modules/.pnpm/@prisma+client@6.19.3_prisma@6.19.3_typescript@6.0.3/node_modules/@prisma/client/src/runtime/RequestHandler.ts:143:12)
    at a (/home/geoxhacker/koodeyo/pharmapos/pharmasales-api/node_modules/.pnpm/@prisma+client@6.19.3_prisma@6.19.3_typescript@6.0.3/node_modules/@prisma/client/src/runtime/getPrismaClient.ts:833:24)
    at /home/geoxhacker/koodeyo/pharmapos/pharmasales-api/src/routes/replication.ts:74:23
2026-07-22T09:39:47.923Z sales: PrismaClientKnownRequestError: 
Invalid `delegate.findMany()` invocation in
/home/geoxhacker/koodeyo/pharmapos/pharmasales-api/src/routes/replication.ts:74:38

  71   tenantIsolationQuery = { tenantId: user.tenantId };
  72 }
  73 
→ 74 const documents = await delegate.findMany(
Can't reach database server at `ep-late-band-a2jkg2wf-pooler.eu-central-1.aws.neon.tech:5432`

Please make sure your database server is running at `ep-late-band-a2jkg2wf-pooler.eu-central-1.aws.neon.tech:5432`.
    at ei.handleRequestError (/home/geoxhacker/koodeyo/pharmapos/pharmasales-api/node_modules/.pnpm/@prisma+client@6.19.3_prisma@6.19.3_typescript@6.0.3/node_modules/@prisma/client/src/runtime/RequestHandler.ts:228:13)
    at ei.handleAndLogRequestError (/home/geoxhacker/koodeyo/pharmapos/pharmasales-api/node_modules/.pnpm/@prisma+client@6.19.3_prisma@6.19.3_typescript@6.0.3/node_modules/@prisma/client/src/runtime/RequestHandler.ts:174:12)
    at ei.request (/home/geoxhacker/koodeyo/pharmapos/pharmasales-api/node_modules/.pnpm/@prisma+client@6.19.3_prisma@6.19.3_typescript@6.0.3/node_modules/@prisma/client/src/runtime/RequestHandler.ts:143:12)
    at a (/home/geoxhacker/koodeyo/pharmapos/pharmasales-api/node_modules/.pnpm/@prisma+client@6.19.3_prisma@6.19.3_typescript@6.0.3/node_modules/@prisma/client/src/runtime/getPrismaClient.ts:833:24)
    at /home/geoxhacker/koodeyo/pharmapos/pharmasales-api/src/routes/replication.ts:74:23
2026-07-22T09:39:47.928Z saleItems: PrismaClientKnownRequestError: 
Invalid `delegate.findMany()` invocation in
/home/geoxhacker/koodeyo/pharmapos/pharmasales-api/src/routes/replication.ts:74:38

  71   tenantIsolationQuery = { tenantId: user.tenantId };
  72 }
  73 
→ 74 const documents = await delegate.findMany(
Can't reach database server at `ep-late-band-a2jkg2wf-pooler.eu-central-1.aws.neon.tech:5432`

Please make sure your database server is running at `ep-late-band-a2jkg2wf-pooler.eu-central-1.aws.neon.tech:5432`.
    at ei.handleRequestError (/home/geoxhacker/koodeyo/pharmapos/pharmasales-api/node_modules/.pnpm/@prisma+client@6.19.3_prisma@6.19.3_typescript@6.0.3/node_modules/@prisma/client/src/runtime/RequestHandler.ts:228:13)
    at ei.handleAndLogRequestError (/home/geoxhacker/koodeyo/pharmapos/pharmasales-api/node_modules/.pnpm/@prisma+client@6.19.3_prisma@6.19.3_typescript@6.0.3/node_modules/@prisma/client/src/runtime/RequestHandler.ts:174:12)
    at ei.request (/home/geoxhacker/koodeyo/pharmapos/pharmasales-api/node_modules/.pnpm/@prisma+client@6.19.3_prisma@6.19.3_typescript@6.0.3/node_modules/@prisma/client/src/runtime/RequestHandler.ts:143:12)
    at a (/home/geoxhacker/koodeyo/pharmapos/pharmasales-api/node_modules/.pnpm/@prisma+client@6.19.3_prisma@6.19.3_typescript@6.0.3/node_modules/@prisma/client/src/runtime/getPrismaClient.ts:833:24)
    at /home/geoxhacker/koodeyo/pharmapos/pharmasales-api/src/routes/replication.ts:74:23
2026-07-22T09:39:47.930Z payments: PrismaClientKnownRequestError: 
Invalid `delegate.findMany()` invocation in
/home/geoxhacker/koodeyo/pharmapos/pharmasales-api/src/routes/replication.ts:74:38

  71   tenantIsolationQuery = { tenantId: user.tenantId };
  72 }
  73 
→ 74 const documents = await delegate.findMany(
Can't reach database server at `ep-late-band-a2jkg2wf-pooler.eu-central-1.aws.neon.tech:5432`

Please make sure your database server is running at `ep-late-band-a2jkg2wf-pooler.eu-central-1.aws.neon.tech:5432`.
    at ei.handleRequestError (/home/geoxhacker/koodeyo/pharmapos/pharmasales-api/node_modules/.pnpm/@prisma+client@6.19.3_prisma@6.19.3_typescript@6.0.3/node_modules/@prisma/client/src/runtime/RequestHandler.ts:228:13)
    at ei.handleAndLogRequestError (/home/geoxhacker/koodeyo/pharmapos/pharmasales-api/node_modules/.pnpm/@prisma+client@6.19.3_prisma@6.19.3_typescript@6.0.3/node_modules/@prisma/client/src/runtime/RequestHandler.ts:174:12)
    at ei.request (/home/geoxhacker/koodeyo/pharmapos/pharmasales-api/node_modules/.pnpm/@prisma+client@6.19.3_prisma@6.19.3_typescript@6.0.3/node_modules/@prisma/client/src/runtime/RequestHandler.ts:143:12)
    at a (/home/geoxhacker/koodeyo/pharmapos/pharmasales-api/node_modules/.pnpm/@prisma+client@6.19.3_prisma@6.19.3_typescript@6.0.3/node_modules/@prisma/client/src/runtime/getPrismaClient.ts:833:24)
    at /home/geoxhacker/koodeyo/pharmapos/pharmasales-api/src/routes/replication.ts:74:23
2026-07-22T09:39:47.935Z users: PrismaClientKnownRequestError: 
Invalid `delegate.findMany()` invocation in
/home/geoxhacker/koodeyo/pharmapos/pharmasales-api/src/routes/replication.ts:74:38

  71   tenantIsolationQuery = { tenantId: user.tenantId };
  72 }
  73 
→ 74 const documents = await delegate.findMany(
Can't reach database server at `ep-late-band-a2jkg2wf-pooler.eu-central-1.aws.neon.tech:5432`

Please make sure your database server is running at `ep-late-band-a2jkg2wf-pooler.eu-central-1.aws.neon.tech:5432`.
    at ei.handleRequestError (/home/geoxhacker/koodeyo/pharmapos/pharmasales-api/node_modules/.pnpm/@prisma+client@6.19.3_prisma@6.19.3_typescript@6.0.3/node_modules/@prisma/client/src/runtime/RequestHandler.ts:228:13)
    at ei.handleAndLogRequestError (/home/geoxhacker/koodeyo/pharmapos/pharmasales-api/node_modules/.pnpm/@prisma+client@6.19.3_prisma@6.19.3_typescript@6.0.3/node_modules/@prisma/client/src/runtime/RequestHandler.ts:174:12)
    at ei.request (/home/geoxhacker/koodeyo/pharmapos/pharmasales-api/node_modules/.pnpm/@prisma+client@6.19.3_prisma@6.19.3_typescript@6.0.3/node_modules/@prisma/client/src/runtime/RequestHandler.ts:143:12)
    at a (/home/geoxhacker/koodeyo/pharmapos/pharmasales-api/node_modules/.pnpm/@prisma+client@6.19.3_prisma@6.19.3_typescript@6.0.3/node_modules/@prisma/client/src/runtime/getPrismaClient.ts:833:24)
    at /home/geoxhacker/koodeyo/pharmapos/pharmasales-api/src/routes/replication.ts:74:23
2026-07-22T09:39:47.937Z shiftSummaries: PrismaClientKnownRequestError: 
Invalid `delegate.findMany()` invocation in
/home/geoxhacker/koodeyo/pharmapos/pharmasales-api/src/routes/replication.ts:74:38

  71   tenantIsolationQuery = { tenantId: user.tenantId };
  72 }
  73 
→ 74 const documents = await delegate.findMany(
Can't reach database server at `ep-late-band-a2jkg2wf-pooler.eu-central-1.aws.neon.tech:5432`

Please make sure your database server is running at `ep-late-band-a2jkg2wf-pooler.eu-central-1.aws.neon.tech:5432`.
    at ei.handleRequestError (/home/geoxhacker/koodeyo/pharmapos/pharmasales-api/node_modules/.pnpm/@prisma+client@6.19.3_prisma@6.19.3_typescript@6.0.3/node_modules/@prisma/client/src/runtime/RequestHandler.ts:228:13)
    at ei.handleAndLogRequestError (/home/geoxhacker/koodeyo/pharmapos/pharmasales-api/node_modules/.pnpm/@prisma+client@6.19.3_prisma@6.19.3_typescript@6.0.3/node_modules/@prisma/client/src/runtime/RequestHandler.ts:174:12)
    at ei.request (/home/geoxhacker/koodeyo/pharmapos/pharmasales-api/node_modules/.pnpm/@prisma+client@6.19.3_prisma@6.19.3_typescript@6.0.3/node_modules/@prisma/client/src/runtime/RequestHandler.ts:143:12)
    at a (/home/geoxhacker/koodeyo/pharmapos/pharmasales-api/node_modules/.pnpm/@prisma+client@6.19.3_prisma@6.19.3_typescript@6.0.3/node_modules/@prisma/client/src/runtime/getPrismaClient.ts:833:24)
    at /home/geoxhacker/koodeyo/pharmapos/pharmasales-api/src/routes/replication.ts:74:23
2026-07-22T10:37:30.358Z branchStocks: PrismaClientKnownRequestError: 
Invalid `delegate.findMany()` invocation in
/home/geoxhacker/koodeyo/pharmapos/pharmasales-api/src/routes/replication.ts:74:38

  71   tenantIsolationQuery = { tenantId: user.tenantId };
  72 }
  73 
→ 74 const documents = await delegate.findMany(
Can't reach database server at `ep-late-band-a2jkg2wf-pooler.eu-central-1.aws.neon.tech:5432`

Please make sure your database server is running at `ep-late-band-a2jkg2wf-pooler.eu-central-1.aws.neon.tech:5432`.
    at ei.handleRequestError (/home/geoxhacker/koodeyo/pharmapos/pharmasales-api/node_modules/.pnpm/@prisma+client@6.19.3_prisma@6.19.3_typescript@6.0.3/node_modules/@prisma/client/src/runtime/RequestHandler.ts:228:13)
    at ei.handleAndLogRequestError (/home/geoxhacker/koodeyo/pharmapos/pharmasales-api/node_modules/.pnpm/@prisma+client@6.19.3_prisma@6.19.3_typescript@6.0.3/node_modules/@prisma/client/src/runtime/RequestHandler.ts:174:12)
    at ei.request (/home/geoxhacker/koodeyo/pharmapos/pharmasales-api/node_modules/.pnpm/@prisma+client@6.19.3_prisma@6.19.3_typescript@6.0.3/node_modules/@prisma/client/src/runtime/RequestHandler.ts:143:12)
    at a (/home/geoxhacker/koodeyo/pharmapos/pharmasales-api/node_modules/.pnpm/@prisma+client@6.19.3_prisma@6.19.3_typescript@6.0.3/node_modules/@prisma/client/src/runtime/getPrismaClient.ts:833:24)
    at /home/geoxhacker/koodeyo/pharmapos/pharmasales-api/src/routes/replication.ts:74:23
2026-07-22T10:37:30.363Z products: PrismaClientKnownRequestError: 
Invalid `delegate.findMany()` invocation in
/home/geoxhacker/koodeyo/pharmapos/pharmasales-api/src/routes/replication.ts:74:38

  71   tenantIsolationQuery = { tenantId: user.tenantId };
  72 }
  73 
→ 74 const documents = await delegate.findMany(
Can't reach database server at `ep-late-band-a2jkg2wf-pooler.eu-central-1.aws.neon.tech:5432`

Please make sure your database server is running at `ep-late-band-a2jkg2wf-pooler.eu-central-1.aws.neon.tech:5432`.
    at ei.handleRequestError (/home/geoxhacker/koodeyo/pharmapos/pharmasales-api/node_modules/.pnpm/@prisma+client@6.19.3_prisma@6.19.3_typescript@6.0.3/node_modules/@prisma/client/src/runtime/RequestHandler.ts:228:13)
    at ei.handleAndLogRequestError (/home/geoxhacker/koodeyo/pharmapos/pharmasales-api/node_modules/.pnpm/@prisma+client@6.19.3_prisma@6.19.3_typescript@6.0.3/node_modules/@prisma/client/src/runtime/RequestHandler.ts:174:12)
    at ei.request (/home/geoxhacker/koodeyo/pharmapos/pharmasales-api/node_modules/.pnpm/@prisma+client@6.19.3_prisma@6.19.3_typescript@6.0.3/node_modules/@prisma/client/src/runtime/RequestHandler.ts:143:12)
    at a (/home/geoxhacker/koodeyo/pharmapos/pharmasales-api/node_modules/.pnpm/@prisma+client@6.19.3_prisma@6.19.3_typescript@6.0.3/node_modules/@prisma/client/src/runtime/getPrismaClient.ts:833:24)
    at /home/geoxhacker/koodeyo/pharmapos/pharmasales-api/src/routes/replication.ts:74:23
2026-07-22T10:37:30.377Z stockBatches: PrismaClientKnownRequestError: 
Invalid `delegate.findMany()` invocation in
/home/geoxhacker/koodeyo/pharmapos/pharmasales-api/src/routes/replication.ts:74:38

  71   tenantIsolationQuery = { tenantId: user.tenantId };
  72 }
  73 
→ 74 const documents = await delegate.findMany(
Can't reach database server at `ep-late-band-a2jkg2wf-pooler.eu-central-1.aws.neon.tech:5432`

Please make sure your database server is running at `ep-late-band-a2jkg2wf-pooler.eu-central-1.aws.neon.tech:5432`.
    at ei.handleRequestError (/home/geoxhacker/koodeyo/pharmapos/pharmasales-api/node_modules/.pnpm/@prisma+client@6.19.3_prisma@6.19.3_typescript@6.0.3/node_modules/@prisma/client/src/runtime/RequestHandler.ts:228:13)
    at ei.handleAndLogRequestError (/home/geoxhacker/koodeyo/pharmapos/pharmasales-api/node_modules/.pnpm/@prisma+client@6.19.3_prisma@6.19.3_typescript@6.0.3/node_modules/@prisma/client/src/runtime/RequestHandler.ts:174:12)
    at ei.request (/home/geoxhacker/koodeyo/pharmapos/pharmasales-api/node_modules/.pnpm/@prisma+client@6.19.3_prisma@6.19.3_typescript@6.0.3/node_modules/@prisma/client/src/runtime/RequestHandler.ts:143:12)
    at a (/home/geoxhacker/koodeyo/pharmapos/pharmasales-api/node_modules/.pnpm/@prisma+client@6.19.3_prisma@6.19.3_typescript@6.0.3/node_modules/@prisma/client/src/runtime/getPrismaClient.ts:833:24)
    at /home/geoxhacker/koodeyo/pharmapos/pharmasales-api/src/routes/replication.ts:74:23
2026-07-22T10:37:30.382Z customers: PrismaClientKnownRequestError: 
Invalid `delegate.findMany()` invocation in
/home/geoxhacker/koodeyo/pharmapos/pharmasales-api/src/routes/replication.ts:74:38

  71   tenantIsolationQuery = { tenantId: user.tenantId };
  72 }
  73 
→ 74 const documents = await delegate.findMany(
Can't reach database server at `ep-late-band-a2jkg2wf-pooler.eu-central-1.aws.neon.tech:5432`

Please make sure your database server is running at `ep-late-band-a2jkg2wf-pooler.eu-central-1.aws.neon.tech:5432`.
    at ei.handleRequestError (/home/geoxhacker/koodeyo/pharmapos/pharmasales-api/node_modules/.pnpm/@prisma+client@6.19.3_prisma@6.19.3_typescript@6.0.3/node_modules/@prisma/client/src/runtime/RequestHandler.ts:228:13)
    at ei.handleAndLogRequestError (/home/geoxhacker/koodeyo/pharmapos/pharmasales-api/node_modules/.pnpm/@prisma+client@6.19.3_prisma@6.19.3_typescript@6.0.3/node_modules/@prisma/client/src/runtime/RequestHandler.ts:174:12)
    at ei.request (/home/geoxhacker/koodeyo/pharmapos/pharmasales-api/node_modules/.pnpm/@prisma+client@6.19.3_prisma@6.19.3_typescript@6.0.3/node_modules/@prisma/client/src/runtime/RequestHandler.ts:143:12)
    at a (/home/geoxhacker/koodeyo/pharmapos/pharmasales-api/node_modules/.pnpm/@prisma+client@6.19.3_prisma@6.19.3_typescript@6.0.3/node_modules/@prisma/client/src/runtime/getPrismaClient.ts:833:24)
    at /home/geoxhacker/koodeyo/pharmapos/pharmasales-api/src/routes/replication.ts:74:23
2026-07-22T10:37:30.394Z sales: PrismaClientKnownRequestError: 
Invalid `delegate.findMany()` invocation in
/home/geoxhacker/koodeyo/pharmapos/pharmasales-api/src/routes/replication.ts:74:38

  71   tenantIsolationQuery = { tenantId: user.tenantId };
  72 }
  73 
→ 74 const documents = await delegate.findMany(
Can't reach database server at `ep-late-band-a2jkg2wf-pooler.eu-central-1.aws.neon.tech:5432`

Please make sure your database server is running at `ep-late-band-a2jkg2wf-pooler.eu-central-1.aws.neon.tech:5432`.
    at ei.handleRequestError (/home/geoxhacker/koodeyo/pharmapos/pharmasales-api/node_modules/.pnpm/@prisma+client@6.19.3_prisma@6.19.3_typescript@6.0.3/node_modules/@prisma/client/src/runtime/RequestHandler.ts:228:13)
    at ei.handleAndLogRequestError (/home/geoxhacker/koodeyo/pharmapos/pharmasales-api/node_modules/.pnpm/@prisma+client@6.19.3_prisma@6.19.3_typescript@6.0.3/node_modules/@prisma/client/src/runtime/RequestHandler.ts:174:12)
    at ei.request (/home/geoxhacker/koodeyo/pharmapos/pharmasales-api/node_modules/.pnpm/@prisma+client@6.19.3_prisma@6.19.3_typescript@6.0.3/node_modules/@prisma/client/src/runtime/RequestHandler.ts:143:12)
    at a (/home/geoxhacker/koodeyo/pharmapos/pharmasales-api/node_modules/.pnpm/@prisma+client@6.19.3_prisma@6.19.3_typescript@6.0.3/node_modules/@prisma/client/src/runtime/getPrismaClient.ts:833:24)
    at /home/geoxhacker/koodeyo/pharmapos/pharmasales-api/src/routes/replication.ts:74:23
2026-07-22T10:37:30.408Z saleItems: PrismaClientKnownRequestError: 
Invalid `delegate.findMany()` invocation in
/home/geoxhacker/koodeyo/pharmapos/pharmasales-api/src/routes/replication.ts:74:38

  71   tenantIsolationQuery = { tenantId: user.tenantId };
  72 }
  73 
→ 74 const documents = await delegate.findMany(
Can't reach database server at `ep-late-band-a2jkg2wf-pooler.eu-central-1.aws.neon.tech:5432`

Please make sure your database server is running at `ep-late-band-a2jkg2wf-pooler.eu-central-1.aws.neon.tech:5432`.
    at ei.handleRequestError (/home/geoxhacker/koodeyo/pharmapos/pharmasales-api/node_modules/.pnpm/@prisma+client@6.19.3_prisma@6.19.3_typescript@6.0.3/node_modules/@prisma/client/src/runtime/RequestHandler.ts:228:13)
    at ei.handleAndLogRequestError (/home/geoxhacker/koodeyo/pharmapos/pharmasales-api/node_modules/.pnpm/@prisma+client@6.19.3_prisma@6.19.3_typescript@6.0.3/node_modules/@prisma/client/src/runtime/RequestHandler.ts:174:12)
    at ei.request (/home/geoxhacker/koodeyo/pharmapos/pharmasales-api/node_modules/.pnpm/@prisma+client@6.19.3_prisma@6.19.3_typescript@6.0.3/node_modules/@prisma/client/src/runtime/RequestHandler.ts:143:12)
    at a (/home/geoxhacker/koodeyo/pharmapos/pharmasales-api/node_modules/.pnpm/@prisma+client@6.19.3_prisma@6.19.3_typescript@6.0.3/node_modules/@prisma/client/src/runtime/getPrismaClient.ts:833:24)
    at /home/geoxhacker/koodeyo/pharmapos/pharmasales-api/src/routes/replication.ts:74:23
2026-07-22T10:37:30.411Z payments: PrismaClientKnownRequestError: 
Invalid `delegate.findMany()` invocation in
/home/geoxhacker/koodeyo/pharmapos/pharmasales-api/src/routes/replication.ts:74:38

  71   tenantIsolationQuery = { tenantId: user.tenantId };
  72 }
  73 
→ 74 const documents = await delegate.findMany(
Can't reach database server at `ep-late-band-a2jkg2wf-pooler.eu-central-1.aws.neon.tech:5432`

Please make sure your database server is running at `ep-late-band-a2jkg2wf-pooler.eu-central-1.aws.neon.tech:5432`.
    at ei.handleRequestError (/home/geoxhacker/koodeyo/pharmapos/pharmasales-api/node_modules/.pnpm/@prisma+client@6.19.3_prisma@6.19.3_typescript@6.0.3/node_modules/@prisma/client/src/runtime/RequestHandler.ts:228:13)
    at ei.handleAndLogRequestError (/home/geoxhacker/koodeyo/pharmapos/pharmasales-api/node_modules/.pnpm/@prisma+client@6.19.3_prisma@6.19.3_typescript@6.0.3/node_modules/@prisma/client/src/runtime/RequestHandler.ts:174:12)
    at ei.request (/home/geoxhacker/koodeyo/pharmapos/pharmasales-api/node_modules/.pnpm/@prisma+client@6.19.3_prisma@6.19.3_typescript@6.0.3/node_modules/@prisma/client/src/runtime/RequestHandler.ts:143:12)
    at a (/home/geoxhacker/koodeyo/pharmapos/pharmasales-api/node_modules/.pnpm/@prisma+client@6.19.3_prisma@6.19.3_typescript@6.0.3/node_modules/@prisma/client/src/runtime/getPrismaClient.ts:833:24)
    at /home/geoxhacker/koodeyo/pharmapos/pharmasales-api/src/routes/replication.ts:74:23
2026-07-22T10:37:30.419Z users: PrismaClientKnownRequestError: 
Invalid `delegate.findMany()` invocation in
/home/geoxhacker/koodeyo/pharmapos/pharmasales-api/src/routes/replication.ts:74:38

  71   tenantIsolationQuery = { tenantId: user.tenantId };
  72 }
  73 
→ 74 const documents = await delegate.findMany(
Can't reach database server at `ep-late-band-a2jkg2wf-pooler.eu-central-1.aws.neon.tech:5432`

Please make sure your database server is running at `ep-late-band-a2jkg2wf-pooler.eu-central-1.aws.neon.tech:5432`.
    at ei.handleRequestError (/home/geoxhacker/koodeyo/pharmapos/pharmasales-api/node_modules/.pnpm/@prisma+client@6.19.3_prisma@6.19.3_typescript@6.0.3/node_modules/@prisma/client/src/runtime/RequestHandler.ts:228:13)
    at ei.handleAndLogRequestError (/home/geoxhacker/koodeyo/pharmapos/pharmasales-api/node_modules/.pnpm/@prisma+client@6.19.3_prisma@6.19.3_typescript@6.0.3/node_modules/@prisma/client/src/runtime/RequestHandler.ts:174:12)
    at ei.request (/home/geoxhacker/koodeyo/pharmapos/pharmasales-api/node_modules/.pnpm/@prisma+client@6.19.3_prisma@6.19.3_typescript@6.0.3/node_modules/@prisma/client/src/runtime/RequestHandler.ts:143:12)
    at a (/home/geoxhacker/koodeyo/pharmapos/pharmasales-api/node_modules/.pnpm/@prisma+client@6.19.3_prisma@6.19.3_typescript@6.0.3/node_modules/@prisma/client/src/runtime/getPrismaClient.ts:833:24)
    at /home/geoxhacker/koodeyo/pharmapos/pharmasales-api/src/routes/replication.ts:74:23
2026-07-22T10:37:30.428Z shiftSummaries: PrismaClientKnownRequestError: 
Invalid `delegate.findMany()` invocation in
/home/geoxhacker/koodeyo/pharmapos/pharmasales-api/src/routes/replication.ts:74:38

  71   tenantIsolationQuery = { tenantId: user.tenantId };
  72 }
  73 
→ 74 const documents = await delegate.findMany(
Can't reach database server at `ep-late-band-a2jkg2wf-pooler.eu-central-1.aws.neon.tech:5432`

Please make sure your database server is running at `ep-late-band-a2jkg2wf-pooler.eu-central-1.aws.neon.tech:5432`.
    at ei.handleRequestError (/home/geoxhacker/koodeyo/pharmapos/pharmasales-api/node_modules/.pnpm/@prisma+client@6.19.3_prisma@6.19.3_typescript@6.0.3/node_modules/@prisma/client/src/runtime/RequestHandler.ts:228:13)
    at ei.handleAndLogRequestError (/home/geoxhacker/koodeyo/pharmapos/pharmasales-api/node_modules/.pnpm/@prisma+client@6.19.3_prisma@6.19.3_typescript@6.0.3/node_modules/@prisma/client/src/runtime/RequestHandler.ts:174:12)
    at ei.request (/home/geoxhacker/koodeyo/pharmapos/pharmasales-api/node_modules/.pnpm/@prisma+client@6.19.3_prisma@6.19.3_typescript@6.0.3/node_modules/@prisma/client/src/runtime/RequestHandler.ts:143:12)
    at a (/home/geoxhacker/koodeyo/pharmapos/pharmasales-api/node_modules/.pnpm/@prisma+client@6.19.3_prisma@6.19.3_typescript@6.0.3/node_modules/@prisma/client/src/runtime/getPrismaClient.ts:833:24)
    at /home/geoxhacker/koodeyo/pharmapos/pharmasales-api/src/routes/replication.ts:74:23
2026-07-22T10:37:41.357Z branchStocks: PrismaClientKnownRequestError: 
Invalid `delegate.findMany()` invocation in
/home/geoxhacker/koodeyo/pharmapos/pharmasales-api/src/routes/replication.ts:74:38

  71   tenantIsolationQuery = { tenantId: user.tenantId };
  72 }
  73 
→ 74 const documents = await delegate.findMany(
Can't reach database server at `ep-late-band-a2jkg2wf-pooler.eu-central-1.aws.neon.tech:5432`

Please make sure your database server is running at `ep-late-band-a2jkg2wf-pooler.eu-central-1.aws.neon.tech:5432`.
    at ei.handleRequestError (/home/geoxhacker/koodeyo/pharmapos/pharmasales-api/node_modules/.pnpm/@prisma+client@6.19.3_prisma@6.19.3_typescript@6.0.3/node_modules/@prisma/client/src/runtime/RequestHandler.ts:228:13)
    at ei.handleAndLogRequestError (/home/geoxhacker/koodeyo/pharmapos/pharmasales-api/node_modules/.pnpm/@prisma+client@6.19.3_prisma@6.19.3_typescript@6.0.3/node_modules/@prisma/client/src/runtime/RequestHandler.ts:174:12)
    at ei.request (/home/geoxhacker/koodeyo/pharmapos/pharmasales-api/node_modules/.pnpm/@prisma+client@6.19.3_prisma@6.19.3_typescript@6.0.3/node_modules/@prisma/client/src/runtime/RequestHandler.ts:143:12)
    at a (/home/geoxhacker/koodeyo/pharmapos/pharmasales-api/node_modules/.pnpm/@prisma+client@6.19.3_prisma@6.19.3_typescript@6.0.3/node_modules/@prisma/client/src/runtime/getPrismaClient.ts:833:24)
    at /home/geoxhacker/koodeyo/pharmapos/pharmasales-api/src/routes/replication.ts:74:23
2026-07-22T10:37:41.359Z products: PrismaClientKnownRequestError: 
Invalid `delegate.findMany()` invocation in
/home/geoxhacker/koodeyo/pharmapos/pharmasales-api/src/routes/replication.ts:74:38

  71   tenantIsolationQuery = { tenantId: user.tenantId };
  72 }
  73 
→ 74 const documents = await delegate.findMany(
Can't reach database server at `ep-late-band-a2jkg2wf-pooler.eu-central-1.aws.neon.tech:5432`

Please make sure your database server is running at `ep-late-band-a2jkg2wf-pooler.eu-central-1.aws.neon.tech:5432`.
    at ei.handleRequestError (/home/geoxhacker/koodeyo/pharmapos/pharmasales-api/node_modules/.pnpm/@prisma+client@6.19.3_prisma@6.19.3_typescript@6.0.3/node_modules/@prisma/client/src/runtime/RequestHandler.ts:228:13)
    at ei.handleAndLogRequestError (/home/geoxhacker/koodeyo/pharmapos/pharmasales-api/node_modules/.pnpm/@prisma+client@6.19.3_prisma@6.19.3_typescript@6.0.3/node_modules/@prisma/client/src/runtime/RequestHandler.ts:174:12)
    at ei.request (/home/geoxhacker/koodeyo/pharmapos/pharmasales-api/node_modules/.pnpm/@prisma+client@6.19.3_prisma@6.19.3_typescript@6.0.3/node_modules/@prisma/client/src/runtime/RequestHandler.ts:143:12)
    at a (/home/geoxhacker/koodeyo/pharmapos/pharmasales-api/node_modules/.pnpm/@prisma+client@6.19.3_prisma@6.19.3_typescript@6.0.3/node_modules/@prisma/client/src/runtime/getPrismaClient.ts:833:24)
    at /home/geoxhacker/koodeyo/pharmapos/pharmasales-api/src/routes/replication.ts:74:23
2026-07-22T10:37:41.364Z stockBatches: PrismaClientKnownRequestError: 
Invalid `delegate.findMany()` invocation in
/home/geoxhacker/koodeyo/pharmapos/pharmasales-api/src/routes/replication.ts:74:38

  71   tenantIsolationQuery = { tenantId: user.tenantId };
  72 }
  73 
→ 74 const documents = await delegate.findMany(
Can't reach database server at `ep-late-band-a2jkg2wf-pooler.eu-central-1.aws.neon.tech:5432`

Please make sure your database server is running at `ep-late-band-a2jkg2wf-pooler.eu-central-1.aws.neon.tech:5432`.
    at ei.handleRequestError (/home/geoxhacker/koodeyo/pharmapos/pharmasales-api/node_modules/.pnpm/@prisma+client@6.19.3_prisma@6.19.3_typescript@6.0.3/node_modules/@prisma/client/src/runtime/RequestHandler.ts:228:13)
    at ei.handleAndLogRequestError (/home/geoxhacker/koodeyo/pharmapos/pharmasales-api/node_modules/.pnpm/@prisma+client@6.19.3_prisma@6.19.3_typescript@6.0.3/node_modules/@prisma/client/src/runtime/RequestHandler.ts:174:12)
    at ei.request (/home/geoxhacker/koodeyo/pharmapos/pharmasales-api/node_modules/.pnpm/@prisma+client@6.19.3_prisma@6.19.3_typescript@6.0.3/node_modules/@prisma/client/src/runtime/RequestHandler.ts:143:12)
    at a (/home/geoxhacker/koodeyo/pharmapos/pharmasales-api/node_modules/.pnpm/@prisma+client@6.19.3_prisma@6.19.3_typescript@6.0.3/node_modules/@prisma/client/src/runtime/getPrismaClient.ts:833:24)
    at /home/geoxhacker/koodeyo/pharmapos/pharmasales-api/src/routes/replication.ts:74:23
2026-07-22T10:37:41.366Z customers: PrismaClientKnownRequestError: 
Invalid `delegate.findMany()` invocation in
/home/geoxhacker/koodeyo/pharmapos/pharmasales-api/src/routes/replication.ts:74:38

  71   tenantIsolationQuery = { tenantId: user.tenantId };
  72 }
  73 
→ 74 const documents = await delegate.findMany(
Can't reach database server at `ep-late-band-a2jkg2wf-pooler.eu-central-1.aws.neon.tech:5432`

Please make sure your database server is running at `ep-late-band-a2jkg2wf-pooler.eu-central-1.aws.neon.tech:5432`.
    at ei.handleRequestError (/home/geoxhacker/koodeyo/pharmapos/pharmasales-api/node_modules/.pnpm/@prisma+client@6.19.3_prisma@6.19.3_typescript@6.0.3/node_modules/@prisma/client/src/runtime/RequestHandler.ts:228:13)
    at ei.handleAndLogRequestError (/home/geoxhacker/koodeyo/pharmapos/pharmasales-api/node_modules/.pnpm/@prisma+client@6.19.3_prisma@6.19.3_typescript@6.0.3/node_modules/@prisma/client/src/runtime/RequestHandler.ts:174:12)
    at ei.request (/home/geoxhacker/koodeyo/pharmapos/pharmasales-api/node_modules/.pnpm/@prisma+client@6.19.3_prisma@6.19.3_typescript@6.0.3/node_modules/@prisma/client/src/runtime/RequestHandler.ts:143:12)
    at a (/home/geoxhacker/koodeyo/pharmapos/pharmasales-api/node_modules/.pnpm/@prisma+client@6.19.3_prisma@6.19.3_typescript@6.0.3/node_modules/@prisma/client/src/runtime/getPrismaClient.ts:833:24)
    at /home/geoxhacker/koodeyo/pharmapos/pharmasales-api/src/routes/replication.ts:74:23
2026-07-22T10:37:41.369Z sales: PrismaClientKnownRequestError: 
Invalid `delegate.findMany()` invocation in
/home/geoxhacker/koodeyo/pharmapos/pharmasales-api/src/routes/replication.ts:74:38

  71   tenantIsolationQuery = { tenantId: user.tenantId };
  72 }
  73 
→ 74 const documents = await delegate.findMany(
Can't reach database server at `ep-late-band-a2jkg2wf-pooler.eu-central-1.aws.neon.tech:5432`

Please make sure your database server is running at `ep-late-band-a2jkg2wf-pooler.eu-central-1.aws.neon.tech:5432`.
    at ei.handleRequestError (/home/geoxhacker/koodeyo/pharmapos/pharmasales-api/node_modules/.pnpm/@prisma+client@6.19.3_prisma@6.19.3_typescript@6.0.3/node_modules/@prisma/client/src/runtime/RequestHandler.ts:228:13)
    at ei.handleAndLogRequestError (/home/geoxhacker/koodeyo/pharmapos/pharmasales-api/node_modules/.pnpm/@prisma+client@6.19.3_prisma@6.19.3_typescript@6.0.3/node_modules/@prisma/client/src/runtime/RequestHandler.ts:174:12)
    at ei.request (/home/geoxhacker/koodeyo/pharmapos/pharmasales-api/node_modules/.pnpm/@prisma+client@6.19.3_prisma@6.19.3_typescript@6.0.3/node_modules/@prisma/client/src/runtime/RequestHandler.ts:143:12)
    at a (/home/geoxhacker/koodeyo/pharmapos/pharmasales-api/node_modules/.pnpm/@prisma+client@6.19.3_prisma@6.19.3_typescript@6.0.3/node_modules/@prisma/client/src/runtime/getPrismaClient.ts:833:24)
    at /home/geoxhacker/koodeyo/pharmapos/pharmasales-api/src/routes/replication.ts:74:23
2026-07-22T10:37:41.372Z saleItems: PrismaClientKnownRequestError: 
Invalid `delegate.findMany()` invocation in
/home/geoxhacker/koodeyo/pharmapos/pharmasales-api/src/routes/replication.ts:74:38

  71   tenantIsolationQuery = { tenantId: user.tenantId };
  72 }
  73 
→ 74 const documents = await delegate.findMany(
Can't reach database server at `ep-late-band-a2jkg2wf-pooler.eu-central-1.aws.neon.tech:5432`

Please make sure your database server is running at `ep-late-band-a2jkg2wf-pooler.eu-central-1.aws.neon.tech:5432`.
    at ei.handleRequestError (/home/geoxhacker/koodeyo/pharmapos/pharmasales-api/node_modules/.pnpm/@prisma+client@6.19.3_prisma@6.19.3_typescript@6.0.3/node_modules/@prisma/client/src/runtime/RequestHandler.ts:228:13)
    at ei.handleAndLogRequestError (/home/geoxhacker/koodeyo/pharmapos/pharmasales-api/node_modules/.pnpm/@prisma+client@6.19.3_prisma@6.19.3_typescript@6.0.3/node_modules/@prisma/client/src/runtime/RequestHandler.ts:174:12)
    at ei.request (/home/geoxhacker/koodeyo/pharmapos/pharmasales-api/node_modules/.pnpm/@prisma+client@6.19.3_prisma@6.19.3_typescript@6.0.3/node_modules/@prisma/client/src/runtime/RequestHandler.ts:143:12)
    at a (/home/geoxhacker/koodeyo/pharmapos/pharmasales-api/node_modules/.pnpm/@prisma+client@6.19.3_prisma@6.19.3_typescript@6.0.3/node_modules/@prisma/client/src/runtime/getPrismaClient.ts:833:24)
    at /home/geoxhacker/koodeyo/pharmapos/pharmasales-api/src/routes/replication.ts:74:23
2026-07-22T11:02:16.200Z saleItems: PrismaClientKnownRequestError: 
Invalid `delegate.findMany()` invocation in
/home/geoxhacker/koodeyo/pharmapos/pharmasales-api/src/routes/replication.ts:74:38

  71   tenantIsolationQuery = { tenantId: user.tenantId };
  72 }
  73 
→ 74 const documents = await delegate.findMany(
Server has closed the connection.
    at ei.handleRequestError (/home/geoxhacker/koodeyo/pharmapos/pharmasales-api/node_modules/.pnpm/@prisma+client@6.19.3_prisma@6.19.3_typescript@6.0.3/node_modules/@prisma/client/src/runtime/RequestHandler.ts:228:13)
    at ei.handleAndLogRequestError (/home/geoxhacker/koodeyo/pharmapos/pharmasales-api/node_modules/.pnpm/@prisma+client@6.19.3_prisma@6.19.3_typescript@6.0.3/node_modules/@prisma/client/src/runtime/RequestHandler.ts:174:12)
    at ei.request (/home/geoxhacker/koodeyo/pharmapos/pharmasales-api/node_modules/.pnpm/@prisma+client@6.19.3_prisma@6.19.3_typescript@6.0.3/node_modules/@prisma/client/src/runtime/RequestHandler.ts:143:12)
    at a (/home/geoxhacker/koodeyo/pharmapos/pharmasales-api/node_modules/.pnpm/@prisma+client@6.19.3_prisma@6.19.3_typescript@6.0.3/node_modules/@prisma/client/src/runtime/getPrismaClient.ts:833:24)
    at /home/geoxhacker/koodeyo/pharmapos/pharmasales-api/src/routes/replication.ts:74:23
2026-07-22T11:02:16.201Z payments: PrismaClientKnownRequestError: 
Invalid `delegate.findMany()` invocation in
/home/geoxhacker/koodeyo/pharmapos/pharmasales-api/src/routes/replication.ts:74:38

  71   tenantIsolationQuery = { tenantId: user.tenantId };
  72 }
  73 
→ 74 const documents = await delegate.findMany(
Server has closed the connection.
    at ei.handleRequestError (/home/geoxhacker/koodeyo/pharmapos/pharmasales-api/node_modules/.pnpm/@prisma+client@6.19.3_prisma@6.19.3_typescript@6.0.3/node_modules/@prisma/client/src/runtime/RequestHandler.ts:228:13)
    at ei.handleAndLogRequestError (/home/geoxhacker/koodeyo/pharmapos/pharmasales-api/node_modules/.pnpm/@prisma+client@6.19.3_prisma@6.19.3_typescript@6.0.3/node_modules/@prisma/client/src/runtime/RequestHandler.ts:174:12)
    at ei.request (/home/geoxhacker/koodeyo/pharmapos/pharmasales-api/node_modules/.pnpm/@prisma+client@6.19.3_prisma@6.19.3_typescript@6.0.3/node_modules/@prisma/client/src/runtime/RequestHandler.ts:143:12)
    at a (/home/geoxhacker/koodeyo/pharmapos/pharmasales-api/node_modules/.pnpm/@prisma+client@6.19.3_prisma@6.19.3_typescript@6.0.3/node_modules/@prisma/client/src/runtime/getPrismaClient.ts:833:24)
    at /home/geoxhacker/koodeyo/pharmapos/pharmasales-api/src/routes/replication.ts:74:23
2026-07-22T11:02:16.201Z users: PrismaClientKnownRequestError: 
Invalid `delegate.findMany()` invocation in
/home/geoxhacker/koodeyo/pharmapos/pharmasales-api/src/routes/replication.ts:74:38

  71   tenantIsolationQuery = { tenantId: user.tenantId };
  72 }
  73 
→ 74 const documents = await delegate.findMany(
Server has closed the connection.
    at ei.handleRequestError (/home/geoxhacker/koodeyo/pharmapos/pharmasales-api/node_modules/.pnpm/@prisma+client@6.19.3_prisma@6.19.3_typescript@6.0.3/node_modules/@prisma/client/src/runtime/RequestHandler.ts:228:13)
    at ei.handleAndLogRequestError (/home/geoxhacker/koodeyo/pharmapos/pharmasales-api/node_modules/.pnpm/@prisma+client@6.19.3_prisma@6.19.3_typescript@6.0.3/node_modules/@prisma/client/src/runtime/RequestHandler.ts:174:12)
    at ei.request (/home/geoxhacker/koodeyo/pharmapos/pharmasales-api/node_modules/.pnpm/@prisma+client@6.19.3_prisma@6.19.3_typescript@6.0.3/node_modules/@prisma/client/src/runtime/RequestHandler.ts:143:12)
    at a (/home/geoxhacker/koodeyo/pharmapos/pharmasales-api/node_modules/.pnpm/@prisma+client@6.19.3_prisma@6.19.3_typescript@6.0.3/node_modules/@prisma/client/src/runtime/getPrismaClient.ts:833:24)
    at /home/geoxhacker/koodeyo/pharmapos/pharmasales-api/src/routes/replication.ts:74:23
2026-07-22T11:02:16.203Z shiftSummaries: PrismaClientKnownRequestError: 
Invalid `delegate.findMany()` invocation in
/home/geoxhacker/koodeyo/pharmapos/pharmasales-api/src/routes/replication.ts:74:38

  71   tenantIsolationQuery = { tenantId: user.tenantId };
  72 }
  73 
→ 74 const documents = await delegate.findMany(
Server has closed the connection.
    at ei.handleRequestError (/home/geoxhacker/koodeyo/pharmapos/pharmasales-api/node_modules/.pnpm/@prisma+client@6.19.3_prisma@6.19.3_typescript@6.0.3/node_modules/@prisma/client/src/runtime/RequestHandler.ts:228:13)
    at ei.handleAndLogRequestError (/home/geoxhacker/koodeyo/pharmapos/pharmasales-api/node_modules/.pnpm/@prisma+client@6.19.3_prisma@6.19.3_typescript@6.0.3/node_modules/@prisma/client/src/runtime/RequestHandler.ts:174:12)
    at ei.request (/home/geoxhacker/koodeyo/pharmapos/pharmasales-api/node_modules/.pnpm/@prisma+client@6.19.3_prisma@6.19.3_typescript@6.0.3/node_modules/@prisma/client/src/runtime/RequestHandler.ts:143:12)
    at a (/home/geoxhacker/koodeyo/pharmapos/pharmasales-api/node_modules/.pnpm/@prisma+client@6.19.3_prisma@6.19.3_typescript@6.0.3/node_modules/@prisma/client/src/runtime/getPrismaClient.ts:833:24)
    at /home/geoxhacker/koodeyo/pharmapos/pharmasales-api/src/routes/replication.ts:74:23
2026-07-22T11:02:21.213Z saleItems: PrismaClientKnownRequestError: 
Invalid `delegate.findMany()` invocation in
/home/geoxhacker/koodeyo/pharmapos/pharmasales-api/src/routes/replication.ts:74:38

  71   tenantIsolationQuery = { tenantId: user.tenantId };
  72 }
  73 
→ 74 const documents = await delegate.findMany(
Server has closed the connection.
    at ei.handleRequestError (/home/geoxhacker/koodeyo/pharmapos/pharmasales-api/node_modules/.pnpm/@prisma+client@6.19.3_prisma@6.19.3_typescript@6.0.3/node_modules/@prisma/client/src/runtime/RequestHandler.ts:228:13)
    at ei.handleAndLogRequestError (/home/geoxhacker/koodeyo/pharmapos/pharmasales-api/node_modules/.pnpm/@prisma+client@6.19.3_prisma@6.19.3_typescript@6.0.3/node_modules/@prisma/client/src/runtime/RequestHandler.ts:174:12)
    at ei.request (/home/geoxhacker/koodeyo/pharmapos/pharmasales-api/node_modules/.pnpm/@prisma+client@6.19.3_prisma@6.19.3_typescript@6.0.3/node_modules/@prisma/client/src/runtime/RequestHandler.ts:143:12)
    at a (/home/geoxhacker/koodeyo/pharmapos/pharmasales-api/node_modules/.pnpm/@prisma+client@6.19.3_prisma@6.19.3_typescript@6.0.3/node_modules/@prisma/client/src/runtime/getPrismaClient.ts:833:24)
    at /home/geoxhacker/koodeyo/pharmapos/pharmasales-api/src/routes/replication.ts:74:23
2026-07-22T11:02:21.215Z payments: PrismaClientKnownRequestError: 
Invalid `delegate.findMany()` invocation in
/home/geoxhacker/koodeyo/pharmapos/pharmasales-api/src/routes/replication.ts:74:38

  71   tenantIsolationQuery = { tenantId: user.tenantId };
  72 }
  73 
→ 74 const documents = await delegate.findMany(
Server has closed the connection.
    at ei.handleRequestError (/home/geoxhacker/koodeyo/pharmapos/pharmasales-api/node_modules/.pnpm/@prisma+client@6.19.3_prisma@6.19.3_typescript@6.0.3/node_modules/@prisma/client/src/runtime/RequestHandler.ts:228:13)
    at ei.handleAndLogRequestError (/home/geoxhacker/koodeyo/pharmapos/pharmasales-api/node_modules/.pnpm/@prisma+client@6.19.3_prisma@6.19.3_typescript@6.0.3/node_modules/@prisma/client/src/runtime/RequestHandler.ts:174:12)
    at ei.request (/home/geoxhacker/koodeyo/pharmapos/pharmasales-api/node_modules/.pnpm/@prisma+client@6.19.3_prisma@6.19.3_typescript@6.0.3/node_modules/@prisma/client/src/runtime/RequestHandler.ts:143:12)
    at a (/home/geoxhacker/koodeyo/pharmapos/pharmasales-api/node_modules/.pnpm/@prisma+client@6.19.3_prisma@6.19.3_typescript@6.0.3/node_modules/@prisma/client/src/runtime/getPrismaClient.ts:833:24)
    at /home/geoxhacker/koodeyo/pharmapos/pharmasales-api/src/routes/replication.ts:74:23
2026-07-22T11:02:21.221Z users: PrismaClientKnownRequestError: 
Invalid `delegate.findMany()` invocation in
/home/geoxhacker/koodeyo/pharmapos/pharmasales-api/src/routes/replication.ts:74:38

  71   tenantIsolationQuery = { tenantId: user.tenantId };
  72 }
  73 
→ 74 const documents = await delegate.findMany(
Server has closed the connection.
    at ei.handleRequestError (/home/geoxhacker/koodeyo/pharmapos/pharmasales-api/node_modules/.pnpm/@prisma+client@6.19.3_prisma@6.19.3_typescript@6.0.3/node_modules/@prisma/client/src/runtime/RequestHandler.ts:228:13)
    at ei.handleAndLogRequestError (/home/geoxhacker/koodeyo/pharmapos/pharmasales-api/node_modules/.pnpm/@prisma+client@6.19.3_prisma@6.19.3_typescript@6.0.3/node_modules/@prisma/client/src/runtime/RequestHandler.ts:174:12)
    at ei.request (/home/geoxhacker/koodeyo/pharmapos/pharmasales-api/node_modules/.pnpm/@prisma+client@6.19.3_prisma@6.19.3_typescript@6.0.3/node_modules/@prisma/client/src/runtime/RequestHandler.ts:143:12)
    at a (/home/geoxhacker/koodeyo/pharmapos/pharmasales-api/node_modules/.pnpm/@prisma+client@6.19.3_prisma@6.19.3_typescript@6.0.3/node_modules/@prisma/client/src/runtime/getPrismaClient.ts:833:24)
    at /home/geoxhacker/koodeyo/pharmapos/pharmasales-api/src/routes/replication.ts:74:23
2026-07-22T11:02:21.227Z shiftSummaries: PrismaClientKnownRequestError: 
Invalid `delegate.findMany()` invocation in
/home/geoxhacker/koodeyo/pharmapos/pharmasales-api/src/routes/replication.ts:74:38

  71   tenantIsolationQuery = { tenantId: user.tenantId };
  72 }
  73 
→ 74 const documents = await delegate.findMany(
Server has closed the connection.
    at ei.handleRequestError (/home/geoxhacker/koodeyo/pharmapos/pharmasales-api/node_modules/.pnpm/@prisma+client@6.19.3_prisma@6.19.3_typescript@6.0.3/node_modules/@prisma/client/src/runtime/RequestHandler.ts:228:13)
    at ei.handleAndLogRequestError (/home/geoxhacker/koodeyo/pharmapos/pharmasales-api/node_modules/.pnpm/@prisma+client@6.19.3_prisma@6.19.3_typescript@6.0.3/node_modules/@prisma/client/src/runtime/RequestHandler.ts:174:12)
    at ei.request (/home/geoxhacker/koodeyo/pharmapos/pharmasales-api/node_modules/.pnpm/@prisma+client@6.19.3_prisma@6.19.3_typescript@6.0.3/node_modules/@prisma/client/src/runtime/RequestHandler.ts:143:12)
    at a (/home/geoxhacker/koodeyo/pharmapos/pharmasales-api/node_modules/.pnpm/@prisma+client@6.19.3_prisma@6.19.3_typescript@6.0.3/node_modules/@prisma/client/src/runtime/getPrismaClient.ts:833:24)
    at /home/geoxhacker/koodeyo/pharmapos/pharmasales-api/src/routes/replication.ts:74:23
2026-07-22T11:02:26.227Z saleItems: PrismaClientKnownRequestError: 
Invalid `delegate.findMany()` invocation in
/home/geoxhacker/koodeyo/pharmapos/pharmasales-api/src/routes/replication.ts:74:38

  71   tenantIsolationQuery = { tenantId: user.tenantId };
  72 }
  73 
→ 74 const documents = await delegate.findMany(
Server has closed the connection.
    at ei.handleRequestError (/home/geoxhacker/koodeyo/pharmapos/pharmasales-api/node_modules/.pnpm/@prisma+client@6.19.3_prisma@6.19.3_typescript@6.0.3/node_modules/@prisma/client/src/runtime/RequestHandler.ts:228:13)
    at ei.handleAndLogRequestError (/home/geoxhacker/koodeyo/pharmapos/pharmasales-api/node_modules/.pnpm/@prisma+client@6.19.3_prisma@6.19.3_typescript@6.0.3/node_modules/@prisma/client/src/runtime/RequestHandler.ts:174:12)
    at ei.request (/home/geoxhacker/koodeyo/pharmapos/pharmasales-api/node_modules/.pnpm/@prisma+client@6.19.3_prisma@6.19.3_typescript@6.0.3/node_modules/@prisma/client/src/runtime/RequestHandler.ts:143:12)
    at a (/home/geoxhacker/koodeyo/pharmapos/pharmasales-api/node_modules/.pnpm/@prisma+client@6.19.3_prisma@6.19.3_typescript@6.0.3/node_modules/@prisma/client/src/runtime/getPrismaClient.ts:833:24)
    at /home/geoxhacker/koodeyo/pharmapos/pharmasales-api/src/routes/replication.ts:74:23
2026-07-22T11:02:26.231Z payments: PrismaClientKnownRequestError: 
Invalid `delegate.findMany()` invocation in
/home/geoxhacker/koodeyo/pharmapos/pharmasales-api/src/routes/replication.ts:74:38

  71   tenantIsolationQuery = { tenantId: user.tenantId };
  72 }
  73 
→ 74 const documents = await delegate.findMany(
Server has closed the connection.
    at ei.handleRequestError (/home/geoxhacker/koodeyo/pharmapos/pharmasales-api/node_modules/.pnpm/@prisma+client@6.19.3_prisma@6.19.3_typescript@6.0.3/node_modules/@prisma/client/src/runtime/RequestHandler.ts:228:13)
    at ei.handleAndLogRequestError (/home/geoxhacker/koodeyo/pharmapos/pharmasales-api/node_modules/.pnpm/@prisma+client@6.19.3_prisma@6.19.3_typescript@6.0.3/node_modules/@prisma/client/src/runtime/RequestHandler.ts:174:12)
    at ei.request (/home/geoxhacker/koodeyo/pharmapos/pharmasales-api/node_modules/.pnpm/@prisma+client@6.19.3_prisma@6.19.3_typescript@6.0.3/node_modules/@prisma/client/src/runtime/RequestHandler.ts:143:12)
    at a (/home/geoxhacker/koodeyo/pharmapos/pharmasales-api/node_modules/.pnpm/@prisma+client@6.19.3_prisma@6.19.3_typescript@6.0.3/node_modules/@prisma/client/src/runtime/getPrismaClient.ts:833:24)
    at /home/geoxhacker/koodeyo/pharmapos/pharmasales-api/src/routes/replication.ts:74:23
2026-07-22T11:02:26.234Z users: PrismaClientKnownRequestError: 
Invalid `delegate.findMany()` invocation in
/home/geoxhacker/koodeyo/pharmapos/pharmasales-api/src/routes/replication.ts:74:38

  71   tenantIsolationQuery = { tenantId: user.tenantId };
  72 }
  73 
→ 74 const documents = await delegate.findMany(
Server has closed the connection.
    at ei.handleRequestError (/home/geoxhacker/koodeyo/pharmapos/pharmasales-api/node_modules/.pnpm/@prisma+client@6.19.3_prisma@6.19.3_typescript@6.0.3/node_modules/@prisma/client/src/runtime/RequestHandler.ts:228:13)
    at ei.handleAndLogRequestError (/home/geoxhacker/koodeyo/pharmapos/pharmasales-api/node_modules/.pnpm/@prisma+client@6.19.3_prisma@6.19.3_typescript@6.0.3/node_modules/@prisma/client/src/runtime/RequestHandler.ts:174:12)
    at ei.request (/home/geoxhacker/koodeyo/pharmapos/pharmasales-api/node_modules/.pnpm/@prisma+client@6.19.3_prisma@6.19.3_typescript@6.0.3/node_modules/@prisma/client/src/runtime/RequestHandler.ts:143:12)
    at a (/home/geoxhacker/koodeyo/pharmapos/pharmasales-api/node_modules/.pnpm/@prisma+client@6.19.3_prisma@6.19.3_typescript@6.0.3/node_modules/@prisma/client/src/runtime/getPrismaClient.ts:833:24)
    at /home/geoxhacker/koodeyo/pharmapos/pharmasales-api/src/routes/replication.ts:74:23
2026-07-22T11:02:26.237Z shiftSummaries: PrismaClientKnownRequestError: 
Invalid `delegate.findMany()` invocation in
/home/geoxhacker/koodeyo/pharmapos/pharmasales-api/src/routes/replication.ts:74:38

  71   tenantIsolationQuery = { tenantId: user.tenantId };
  72 }
  73 
→ 74 const documents = await delegate.findMany(
Server has closed the connection.
    at ei.handleRequestError (/home/geoxhacker/koodeyo/pharmapos/pharmasales-api/node_modules/.pnpm/@prisma+client@6.19.3_prisma@6.19.3_typescript@6.0.3/node_modules/@prisma/client/src/runtime/RequestHandler.ts:228:13)
    at ei.handleAndLogRequestError (/home/geoxhacker/koodeyo/pharmapos/pharmasales-api/node_modules/.pnpm/@prisma+client@6.19.3_prisma@6.19.3_typescript@6.0.3/node_modules/@prisma/client/src/runtime/RequestHandler.ts:174:12)
    at ei.request (/home/geoxhacker/koodeyo/pharmapos/pharmasales-api/node_modules/.pnpm/@prisma+client@6.19.3_prisma@6.19.3_typescript@6.0.3/node_modules/@prisma/client/src/runtime/RequestHandler.ts:143:12)
    at a (/home/geoxhacker/koodeyo/pharmapos/pharmasales-api/node_modules/.pnpm/@prisma+client@6.19.3_prisma@6.19.3_typescript@6.0.3/node_modules/@prisma/client/src/runtime/getPrismaClient.ts:833:24)
    at /home/geoxhacker/koodeyo/pharmapos/pharmasales-api/src/routes/replication.ts:74:23
